D:\C++ PROJECTS\VISUAL STUDIO 2010\PROJECTS\CHAPTER21EXERCISE11\CHAPTER21EXERCISE11\DEBUG\CHAPTER21.EXE.EMBED.MANIFEST
D:\C++ PROJECTS\VISUAL STUDIO 2010\PROJECTS\CHAPTER21EXERCISE11\CHAPTER21EXERCISE11\DEBUG\CHAPTER21.EXE.EMBED.MANIFEST.RES
D:\C++ PROJECTS\VISUAL STUDIO 2010\PROJECTS\CHAPTER21EXERCISE11\CHAPTER21EXERCISE11\DEBUG\CHAPTER21.EXE.INTERMEDIATE.MANIFEST
D:\C++ Projects\Visual Studio 2010\Projects\Chapter21Exercise11\Chapter21Exercise11\Debug\Chapter21.write.1.tlog
D:\C++ Projects\Visual Studio 2010\Projects\Chapter21Exercise11\Chapter21Exercise11\Debug\Chapter21_manifest.rc
D:\C++ Projects\Visual Studio 2010\Projects\Chapter21Exercise11\Chapter21Exercise11\Debug\Chapter21Exercise11.vcxprojResolveAssemblyReference.cache
D:\C++ PROJECTS\VISUAL STUDIO 2010\PROJECTS\CHAPTER21EXERCISE11\CHAPTER21EXERCISE11\DEBUG\CHAPTER21EXERCISE13.OBJ
D:\C++ PROJECTS\VISUAL STUDIO 2010\PROJECTS\CHAPTER21EXERCISE11\CHAPTER21EXERCISE11\DEBUG\CHAPTER21EXERCISE14.OBJ
D:\C++ PROJECTS\VISUAL STUDIO 2010\PROJECTS\CHAPTER21EXERCISE11\CHAPTER21EXERCISE11\DEBUG\CHAPTER21EXERCISE15.OBJ
D:\C++ Projects\Visual Studio 2010\Projects\Chapter21Exercise11\Chapter21Exercise11\Debug\cl.command.1.tlog
D:\C++ Projects\Visual Studio 2010\Projects\Chapter21Exercise11\Chapter21Exercise11\Debug\CL.read.1.tlog
D:\C++ Projects\Visual Studio 2010\Projects\Chapter21Exercise11\Chapter21Exercise11\Debug\CL.write.1.tlog
D:\C++ PROJECTS\VISUAL STUDIO 2010\PROJECTS\CHAPTER21EXERCISE11\CHAPTER21EXERCISE11\DEBUG\GRAPH.OBJ
D:\C++ PROJECTS\VISUAL STUDIO 2010\PROJECTS\CHAPTER21EXERCISE11\CHAPTER21EXERCISE11\DEBUG\GUI.OBJ
D:\C++ Projects\Visual Studio 2010\Projects\Chapter21Exercise11\Chapter21Exercise11\Debug\link.4816.read.1.tlog
D:\C++ Projects\Visual Studio 2010\Projects\Chapter21Exercise11\Chapter21Exercise11\Debug\link.4816.write.1.tlog
D:\C++ Projects\Visual Studio 2010\Projects\Chapter21Exercise11\Chapter21Exercise11\Debug\link.4816-cvtres.read.1.tlog
D:\C++ Projects\Visual Studio 2010\Projects\Chapter21Exercise11\Chapter21Exercise11\Debug\link.4816-cvtres.write.1.tlog
D:\C++ Projects\Visual Studio 2010\Projects\Chapter21Exercise11\Chapter21Exercise11\Debug\link.5812.read.1.tlog
D:\C++ Projects\Visual Studio 2010\Projects\Chapter21Exercise11\Chapter21Exercise11\Debug\link.5812.read.2.tlog
D:\C++ Projects\Visual Studio 2010\Projects\Chapter21Exercise11\Chapter21Exercise11\Debug\link.5812.write.1.tlog
D:\C++ Projects\Visual Studio 2010\Projects\Chapter21Exercise11\Chapter21Exercise11\Debug\link.5812-cvtres.read.1.tlog
D:\C++ Projects\Visual Studio 2010\Projects\Chapter21Exercise11\Chapter21Exercise11\Debug\link.5812-cvtres.write.1.tlog
D:\C++ Projects\Visual Studio 2010\Projects\Chapter21Exercise11\Chapter21Exercise11\Debug\link.6032.read.1.tlog
D:\C++ Projects\Visual Studio 2010\Projects\Chapter21Exercise11\Chapter21Exercise11\Debug\link.6032.read.2.tlog
D:\C++ Projects\Visual Studio 2010\Projects\Chapter21Exercise11\Chapter21Exercise11\Debug\link.6032.write.1.tlog
D:\C++ Projects\Visual Studio 2010\Projects\Chapter21Exercise11\Chapter21Exercise11\Debug\link.6032-cvtres.read.1.tlog
D:\C++ Projects\Visual Studio 2010\Projects\Chapter21Exercise11\Chapter21Exercise11\Debug\link.6032-cvtres.write.1.tlog
D:\C++ Projects\Visual Studio 2010\Projects\Chapter21Exercise11\Chapter21Exercise11\Debug\link.668.read.1.tlog
D:\C++ Projects\Visual Studio 2010\Projects\Chapter21Exercise11\Chapter21Exercise11\Debug\link.668.read.2.tlog
D:\C++ Projects\Visual Studio 2010\Projects\Chapter21Exercise11\Chapter21Exercise11\Debug\link.668.write.1.tlog
D:\C++ Projects\Visual Studio 2010\Projects\Chapter21Exercise11\Chapter21Exercise11\Debug\link.668-cvtres.read.1.tlog
D:\C++ Projects\Visual Studio 2010\Projects\Chapter21Exercise11\Chapter21Exercise11\Debug\link.668-cvtres.write.1.tlog
D:\C++ Projects\Visual Studio 2010\Projects\Chapter21Exercise11\Chapter21Exercise11\Debug\link.7932.read.1.tlog
D:\C++ Projects\Visual Studio 2010\Projects\Chapter21Exercise11\Chapter21Exercise11\Debug\link.7932.read.2.tlog
D:\C++ Projects\Visual Studio 2010\Projects\Chapter21Exercise11\Chapter21Exercise11\Debug\link.7932.write.1.tlog
D:\C++ Projects\Visual Studio 2010\Projects\Chapter21Exercise11\Chapter21Exercise11\Debug\link.7932-cvtres.read.1.tlog
D:\C++ Projects\Visual Studio 2010\Projects\Chapter21Exercise11\Chapter21Exercise11\Debug\link.7932-cvtres.write.1.tlog
D:\C++ Projects\Visual Studio 2010\Projects\Chapter21Exercise11\Chapter21Exercise11\Debug\link.8052.read.1.tlog
D:\C++ Projects\Visual Studio 2010\Projects\Chapter21Exercise11\Chapter21Exercise11\Debug\link.8052.read.2.tlog
D:\C++ Projects\Visual Studio 2010\Projects\Chapter21Exercise11\Chapter21Exercise11\Debug\link.8052.write.1.tlog
D:\C++ Projects\Visual Studio 2010\Projects\Chapter21Exercise11\Chapter21Exercise11\Debug\link.8052-cvtres.read.1.tlog
D:\C++ Projects\Visual Studio 2010\Projects\Chapter21Exercise11\Chapter21Exercise11\Debug\link.8052-cvtres.write.1.tlog
D:\C++ Projects\Visual Studio 2010\Projects\Chapter21Exercise11\Chapter21Exercise11\Debug\link.8136.read.1.tlog
D:\C++ Projects\Visual Studio 2010\Projects\Chapter21Exercise11\Chapter21Exercise11\Debug\link.8136.read.2.tlog
D:\C++ Projects\Visual Studio 2010\Projects\Chapter21Exercise11\Chapter21Exercise11\Debug\link.8136.write.1.tlog
D:\C++ Projects\Visual Studio 2010\Projects\Chapter21Exercise11\Chapter21Exercise11\Debug\link.8136-cvtres.read.1.tlog
D:\C++ Projects\Visual Studio 2010\Projects\Chapter21Exercise11\Chapter21Exercise11\Debug\link.8136-cvtres.write.1.tlog
D:\C++ Projects\Visual Studio 2010\Projects\Chapter21Exercise11\Chapter21Exercise11\Debug\link.8824.read.1.tlog
D:\C++ Projects\Visual Studio 2010\Projects\Chapter21Exercise11\Chapter21Exercise11\Debug\link.8824.read.2.tlog
D:\C++ Projects\Visual Studio 2010\Projects\Chapter21Exercise11\Chapter21Exercise11\Debug\link.8824.write.1.tlog
D:\C++ Projects\Visual Studio 2010\Projects\Chapter21Exercise11\Chapter21Exercise11\Debug\link.8824-cvtres.read.1.tlog
D:\C++ Projects\Visual Studio 2010\Projects\Chapter21Exercise11\Chapter21Exercise11\Debug\link.8824-cvtres.write.1.tlog
D:\C++ Projects\Visual Studio 2010\Projects\Chapter21Exercise11\Chapter21Exercise11\Debug\link.command.1.tlog
D:\C++ Projects\Visual Studio 2010\Projects\Chapter21Exercise11\Chapter21Exercise11\Debug\link.read.1.tlog
D:\C++ Projects\Visual Studio 2010\Projects\Chapter21Exercise11\Chapter21Exercise11\Debug\link.read.2.tlog
D:\C++ Projects\Visual Studio 2010\Projects\Chapter21Exercise11\Chapter21Exercise11\Debug\link.write.1.tlog
D:\C++ Projects\Visual Studio 2010\Projects\Chapter21Exercise11\Chapter21Exercise11\Debug\link-cvtres.read.1.tlog
D:\C++ Projects\Visual Studio 2010\Projects\Chapter21Exercise11\Chapter21Exercise11\Debug\link-cvtres.write.1.tlog
D:\C++ Projects\Visual Studio 2010\Projects\Chapter21Exercise11\Chapter21Exercise11\Debug\mt.command.1.tlog
D:\C++ Projects\Visual Studio 2010\Projects\Chapter21Exercise11\Chapter21Exercise11\Debug\mt.read.1.tlog
D:\C++ Projects\Visual Studio 2010\Projects\Chapter21Exercise11\Chapter21Exercise11\Debug\mt.write.1.tlog
D:\C++ Projects\Visual Studio 2010\Projects\Chapter21Exercise11\Chapter21Exercise11\Debug\rc.command.1.tlog
D:\C++ Projects\Visual Studio 2010\Projects\Chapter21Exercise11\Chapter21Exercise11\Debug\rc.read.1.tlog
D:\C++ Projects\Visual Studio 2010\Projects\Chapter21Exercise11\Chapter21Exercise11\Debug\rc.write.1.tlog
D:\C++ Projects\Visual Studio 2010\Projects\Chapter21Exercise11\Chapter21Exercise11\Debug\vc100.idb
D:\C++ PROJECTS\VISUAL STUDIO 2010\PROJECTS\CHAPTER21EXERCISE11\CHAPTER21EXERCISE11\DEBUG\VC100.PDB
D:\C++ PROJECTS\VISUAL STUDIO 2010\PROJECTS\CHAPTER21EXERCISE11\CHAPTER21EXERCISE11\DEBUG\WINDOW.OBJ
D:\C++ PROJECTS\VISUAL STUDIO 2010\PROJECTS\CHAPTER21EXERCISE11\DEBUG\CHAPTER21.EXE
D:\C++ PROJECTS\VISUAL STUDIO 2010\PROJECTS\CHAPTER21EXERCISE11\DEBUG\CHAPTER21.ILK
D:\C++ PROJECTS\VISUAL STUDIO 2010\PROJECTS\CHAPTER21EXERCISE11\DEBUG\CHAPTER21.PDB
