D:\C++ PROJECTS\VISUAL STUDIO 2010\PROJECTS\CHAPTER21EXERCISE11\CHAPTER21EXERCISE11\DEBUG\CHAPTER21EXERCISE11.EXE.EMBED.MANIFEST
D:\C++ PROJECTS\VISUAL STUDIO 2010\PROJECTS\CHAPTER21EXERCISE11\CHAPTER21EXERCISE11\DEBUG\CHAPTER21EXERCISE11.EXE.EMBED.MANIFEST.RES
D:\C++ PROJECTS\VISUAL STUDIO 2010\PROJECTS\CHAPTER21EXERCISE11\CHAPTER21EXERCISE11\DEBUG\CHAPTER21EXERCISE11.EXE.INTERMEDIATE.MANIFEST
D:\C++ Projects\Visual Studio 2010\Projects\Chapter21Exercise11\Chapter21Exercise11\Debug\Chapter21Exercise11.vcxprojResolveAssemblyReference.cache
D:\C++ Projects\Visual Studio 2010\Projects\Chapter21Exercise11\Chapter21Exercise11\Debug\Chapter21Exercise11.write.1.tlog
D:\C++ Projects\Visual Studio 2010\Projects\Chapter21Exercise11\Chapter21Exercise11\Debug\Chapter21Exercise11_manifest.rc
D:\C++ Projects\Visual Studio 2010\Projects\Chapter21Exercise11\Chapter21Exercise11\Debug\cl.command.1.tlog
D:\C++ Projects\Visual Studio 2010\Projects\Chapter21Exercise11\Chapter21Exercise11\Debug\CL.read.1.tlog
D:\C++ Projects\Visual Studio 2010\Projects\Chapter21Exercise11\Chapter21Exercise11\Debug\CL.write.1.tlog
D:\C++ PROJECTS\VISUAL STUDIO 2010\PROJECTS\CHAPTER21EXERCISE11\CHAPTER21EXERCISE11\DEBUG\GRAPH.OBJ
D:\C++ PROJECTS\VISUAL STUDIO 2010\PROJECTS\CHAPTER21EXERCISE11\CHAPTER21EXERCISE11\DEBUG\GUI.OBJ
D:\C++ Projects\Visual Studio 2010\Projects\Chapter21Exercise11\Chapter21Exercise11\Debug\link.10956.read.1.tlog
D:\C++ Projects\Visual Studio 2010\Projects\Chapter21Exercise11\Chapter21Exercise11\Debug\link.10956.read.2.tlog
D:\C++ Projects\Visual Studio 2010\Projects\Chapter21Exercise11\Chapter21Exercise11\Debug\link.10956.write.1.tlog
D:\C++ Projects\Visual Studio 2010\Projects\Chapter21Exercise11\Chapter21Exercise11\Debug\link.10956-cvtres.read.1.tlog
D:\C++ Projects\Visual Studio 2010\Projects\Chapter21Exercise11\Chapter21Exercise11\Debug\link.10956-cvtres.write.1.tlog
D:\C++ Projects\Visual Studio 2010\Projects\Chapter21Exercise11\Chapter21Exercise11\Debug\link.6460.read.1.tlog
D:\C++ Projects\Visual Studio 2010\Projects\Chapter21Exercise11\Chapter21Exercise11\Debug\link.6460.read.2.tlog
D:\C++ Projects\Visual Studio 2010\Projects\Chapter21Exercise11\Chapter21Exercise11\Debug\link.6460.write.1.tlog
D:\C++ Projects\Visual Studio 2010\Projects\Chapter21Exercise11\Chapter21Exercise11\Debug\link.6460-cvtres.read.1.tlog
D:\C++ Projects\Visual Studio 2010\Projects\Chapter21Exercise11\Chapter21Exercise11\Debug\link.6460-cvtres.write.1.tlog
D:\C++ Projects\Visual Studio 2010\Projects\Chapter21Exercise11\Chapter21Exercise11\Debug\link.command.1.tlog
D:\C++ Projects\Visual Studio 2010\Projects\Chapter21Exercise11\Chapter21Exercise11\Debug\link.read.1.tlog
D:\C++ Projects\Visual Studio 2010\Projects\Chapter21Exercise11\Chapter21Exercise11\Debug\link.read.2.tlog
D:\C++ Projects\Visual Studio 2010\Projects\Chapter21Exercise11\Chapter21Exercise11\Debug\link.write.1.tlog
D:\C++ Projects\Visual Studio 2010\Projects\Chapter21Exercise11\Chapter21Exercise11\Debug\link-cvtres.read.1.tlog
D:\C++ Projects\Visual Studio 2010\Projects\Chapter21Exercise11\Chapter21Exercise11\Debug\link-cvtres.write.1.tlog
D:\C++ PROJECTS\VISUAL STUDIO 2010\PROJECTS\CHAPTER21EXERCISE11\CHAPTER21EXERCISE11\DEBUG\MAIN.OBJ
D:\C++ Projects\Visual Studio 2010\Projects\Chapter21Exercise11\Chapter21Exercise11\Debug\mt.command.1.tlog
D:\C++ Projects\Visual Studio 2010\Projects\Chapter21Exercise11\Chapter21Exercise11\Debug\mt.read.1.tlog
D:\C++ Projects\Visual Studio 2010\Projects\Chapter21Exercise11\Chapter21Exercise11\Debug\mt.write.1.tlog
D:\C++ Projects\Visual Studio 2010\Projects\Chapter21Exercise11\Chapter21Exercise11\Debug\rc.command.1.tlog
D:\C++ Projects\Visual Studio 2010\Projects\Chapter21Exercise11\Chapter21Exercise11\Debug\rc.read.1.tlog
D:\C++ Projects\Visual Studio 2010\Projects\Chapter21Exercise11\Chapter21Exercise11\Debug\rc.write.1.tlog
D:\C++ Projects\Visual Studio 2010\Projects\Chapter21Exercise11\Chapter21Exercise11\Debug\vc100.idb
D:\C++ PROJECTS\VISUAL STUDIO 2010\PROJECTS\CHAPTER21EXERCISE11\CHAPTER21EXERCISE11\DEBUG\VC100.PDB
D:\C++ PROJECTS\VISUAL STUDIO 2010\PROJECTS\CHAPTER21EXERCISE11\CHAPTER21EXERCISE11\DEBUG\WINDOW.OBJ
D:\C++ PROJECTS\VISUAL STUDIO 2010\PROJECTS\CHAPTER21EXERCISE11\DEBUG\CHAPTER21EXERCISE11.EXE
D:\C++ PROJECTS\VISUAL STUDIO 2010\PROJECTS\CHAPTER21EXERCISE11\DEBUG\CHAPTER21EXERCISE11.ILK
D:\C++ PROJECTS\VISUAL STUDIO 2010\PROJECTS\CHAPTER21EXERCISE11\DEBUG\CHAPTER21EXERCISE11.PDB
