D:\C++ PROJECTS\VISUAL STUDIO 2010\PROJECTS\BJARNESTROUSTRUPC++PARTII\BJARNESTROUSTRUPCFLTK\DEBUG\BJARNESTROUSTRUPC++PARTII.EXE.EMBED.MANIFEST
D:\C++ PROJECTS\VISUAL STUDIO 2010\PROJECTS\BJARNESTROUSTRUPC++PARTII\BJARNESTROUSTRUPCFLTK\DEBUG\BJARNESTROUSTRUPC++PARTII.EXE.EMBED.MANIFEST.RES
D:\C++ PROJECTS\VISUAL STUDIO 2010\PROJECTS\BJARNESTROUSTRUPC++PARTII\BJARNESTROUSTRUPCFLTK\DEBUG\BJARNESTROUSTRUPC++PARTII.EXE.INTERMEDIATE.MANIFEST
D:\C++ Projects\Visual Studio 2010\Projects\bjarneStroustrupC++PartII\bjarneStroustrupCFLTK\Debug\bjarneStroustrupC++PartII.write.1.tlog
D:\C++ Projects\Visual Studio 2010\Projects\bjarneStroustrupC++PartII\bjarneStroustrupCFLTK\Debug\bjarneStroustrupC++PartII_manifest.rc
D:\C++ Projects\Visual Studio 2010\Projects\bjarneStroustrupC++PartII\bjarneStroustrupCFLTK\Debug\bjarneStroustrupCFLTK.vcxprojResolveAssemblyReference.cache
D:\C++ PROJECTS\VISUAL STUDIO 2010\PROJECTS\BJARNESTROUSTRUPC++PARTII\BJARNESTROUSTRUPCFLTK\DEBUG\CHAPTER16EXERCISE9.OBJ
D:\C++ Projects\Visual Studio 2010\Projects\bjarneStroustrupC++PartII\bjarneStroustrupCFLTK\Debug\cl.command.1.tlog
D:\C++ Projects\Visual Studio 2010\Projects\bjarneStroustrupC++PartII\bjarneStroustrupCFLTK\Debug\CL.read.1.tlog
D:\C++ Projects\Visual Studio 2010\Projects\bjarneStroustrupC++PartII\bjarneStroustrupCFLTK\Debug\CL.write.1.tlog
D:\C++ PROJECTS\VISUAL STUDIO 2010\PROJECTS\BJARNESTROUSTRUPC++PARTII\BJARNESTROUSTRUPCFLTK\DEBUG\GRAPH.OBJ
D:\C++ PROJECTS\VISUAL STUDIO 2010\PROJECTS\BJARNESTROUSTRUPC++PARTII\BJARNESTROUSTRUPCFLTK\DEBUG\GUI.OBJ
D:\C++ Projects\Visual Studio 2010\Projects\bjarneStroustrupC++PartII\bjarneStroustrupCFLTK\Debug\link.10800.read.1.tlog
D:\C++ Projects\Visual Studio 2010\Projects\bjarneStroustrupC++PartII\bjarneStroustrupCFLTK\Debug\link.10800.read.2.tlog
D:\C++ Projects\Visual Studio 2010\Projects\bjarneStroustrupC++PartII\bjarneStroustrupCFLTK\Debug\link.10800.write.1.tlog
D:\C++ Projects\Visual Studio 2010\Projects\bjarneStroustrupC++PartII\bjarneStroustrupCFLTK\Debug\link.10800-cvtres.read.1.tlog
D:\C++ Projects\Visual Studio 2010\Projects\bjarneStroustrupC++PartII\bjarneStroustrupCFLTK\Debug\link.10800-cvtres.write.1.tlog
D:\C++ Projects\Visual Studio 2010\Projects\bjarneStroustrupC++PartII\bjarneStroustrupCFLTK\Debug\link.5364.read.1.tlog
D:\C++ Projects\Visual Studio 2010\Projects\bjarneStroustrupC++PartII\bjarneStroustrupCFLTK\Debug\link.5364.read.2.tlog
D:\C++ Projects\Visual Studio 2010\Projects\bjarneStroustrupC++PartII\bjarneStroustrupCFLTK\Debug\link.5364.write.1.tlog
D:\C++ Projects\Visual Studio 2010\Projects\bjarneStroustrupC++PartII\bjarneStroustrupCFLTK\Debug\link.5364-cvtres.read.1.tlog
D:\C++ Projects\Visual Studio 2010\Projects\bjarneStroustrupC++PartII\bjarneStroustrupCFLTK\Debug\link.5364-cvtres.write.1.tlog
D:\C++ Projects\Visual Studio 2010\Projects\bjarneStroustrupC++PartII\bjarneStroustrupCFLTK\Debug\link.command.1.tlog
D:\C++ Projects\Visual Studio 2010\Projects\bjarneStroustrupC++PartII\bjarneStroustrupCFLTK\Debug\link.read.1.tlog
D:\C++ Projects\Visual Studio 2010\Projects\bjarneStroustrupC++PartII\bjarneStroustrupCFLTK\Debug\link.read.2.tlog
D:\C++ Projects\Visual Studio 2010\Projects\bjarneStroustrupC++PartII\bjarneStroustrupCFLTK\Debug\link.write.1.tlog
D:\C++ Projects\Visual Studio 2010\Projects\bjarneStroustrupC++PartII\bjarneStroustrupCFLTK\Debug\link-cvtres.read.1.tlog
D:\C++ Projects\Visual Studio 2010\Projects\bjarneStroustrupC++PartII\bjarneStroustrupCFLTK\Debug\link-cvtres.write.1.tlog
D:\C++ Projects\Visual Studio 2010\Projects\bjarneStroustrupC++PartII\bjarneStroustrupCFLTK\Debug\mt.command.1.tlog
D:\C++ Projects\Visual Studio 2010\Projects\bjarneStroustrupC++PartII\bjarneStroustrupCFLTK\Debug\mt.read.1.tlog
D:\C++ Projects\Visual Studio 2010\Projects\bjarneStroustrupC++PartII\bjarneStroustrupCFLTK\Debug\mt.write.1.tlog
D:\C++ Projects\Visual Studio 2010\Projects\bjarneStroustrupC++PartII\bjarneStroustrupCFLTK\Debug\rc.command.1.tlog
D:\C++ Projects\Visual Studio 2010\Projects\bjarneStroustrupC++PartII\bjarneStroustrupCFLTK\Debug\rc.read.1.tlog
D:\C++ Projects\Visual Studio 2010\Projects\bjarneStroustrupC++PartII\bjarneStroustrupCFLTK\Debug\rc.write.1.tlog
D:\C++ PROJECTS\VISUAL STUDIO 2010\PROJECTS\BJARNESTROUSTRUPC++PARTII\BJARNESTROUSTRUPCFLTK\DEBUG\SIMPLE_WINDOW.OBJ
D:\C++ Projects\Visual Studio 2010\Projects\bjarneStroustrupC++PartII\bjarneStroustrupCFLTK\Debug\vc100.idb
D:\C++ PROJECTS\VISUAL STUDIO 2010\PROJECTS\BJARNESTROUSTRUPC++PARTII\BJARNESTROUSTRUPCFLTK\DEBUG\VC100.PDB
D:\C++ PROJECTS\VISUAL STUDIO 2010\PROJECTS\BJARNESTROUSTRUPC++PARTII\BJARNESTROUSTRUPCFLTK\DEBUG\WINDOW.OBJ
D:\C++ PROJECTS\VISUAL STUDIO 2010\PROJECTS\BJARNESTROUSTRUPC++PARTII\DEBUG\BJARNESTROUSTRUPC++PARTII.EXE
D:\C++ PROJECTS\VISUAL STUDIO 2010\PROJECTS\BJARNESTROUSTRUPC++PARTII\DEBUG\BJARNESTROUSTRUPC++PARTII.ILK
D:\C++ PROJECTS\VISUAL STUDIO 2010\PROJECTS\BJARNESTROUSTRUPC++PARTII\DEBUG\BJARNESTROUSTRUPC++PARTII.PDB
