C:\USERS\CHRIS\DOCUMENTS\VISUAL STUDIO 2010\PROJECTS\OBJECT_ORIENTED_EXAMPLES\DEBUG\BJARNESTROUSTROUPC.EXE
C:\USERS\CHRIS\DOCUMENTS\VISUAL STUDIO 2010\PROJECTS\OBJECT_ORIENTED_EXAMPLES\DEBUG\BJARNESTROUSTROUPC.PDB
C:\USERS\CHRIS\DOCUMENTS\VISUAL STUDIO 2010\PROJECTS\OBJECT_ORIENTED_EXAMPLES\OBJECT_ORIENTED_EXAMPLES\DEBUG\BJARNESTROUSTROUPC.EXE.INTERMEDIATE.MANIFEST
C:\USERS\CHRIS\DOCUMENTS\VISUAL STUDIO 2010\PROJECTS\OBJECT_ORIENTED_EXAMPLES\OBJECT_ORIENTED_EXAMPLES\DEBUG\CHAPTER11EXERCISE12.OBJ
C:\USERS\CHRIS\DOCUMENTS\VISUAL STUDIO 2010\PROJECTS\OBJECT_ORIENTED_EXAMPLES\OBJECT_ORIENTED_EXAMPLES\DEBUG\CHAPTER11EXERCISE13.OBJ
C:\USERS\CHRIS\DOCUMENTS\VISUAL STUDIO 2010\PROJECTS\OBJECT_ORIENTED_EXAMPLES\OBJECT_ORIENTED_EXAMPLES\DEBUG\CHAPTER11EXERCISE14.OBJ
C:\USERS\CHRIS\DOCUMENTS\VISUAL STUDIO 2010\PROJECTS\OBJECT_ORIENTED_EXAMPLES\OBJECT_ORIENTED_EXAMPLES\DEBUG\CHAPTER11EXERCISE15.OBJ
C:\USERS\CHRIS\DOCUMENTS\VISUAL STUDIO 2010\PROJECTS\OBJECT_ORIENTED_EXAMPLES\OBJECT_ORIENTED_EXAMPLES\DEBUG\VC100.PDB
D:\C++ PROJECTS\VISUAL STUDIO 2010\PROJECTS\BJARNESTROUSTRUPC++PARTI\DEBUG\BJARNESTROUSTROUPC++PARTI.EXE
D:\C++ PROJECTS\VISUAL STUDIO 2010\PROJECTS\BJARNESTROUSTRUPC++PARTI\DEBUG\BJARNESTROUSTROUPC++PARTI.PDB
D:\C++ Projects\Visual Studio 2010\Projects\bjarneStroustrupC++PartI\object_oriented_examples\Debug\bjarneStroustroupC.exe.intermediate.manifest
D:\C++ Projects\Visual Studio 2010\Projects\bjarneStroustrupC++PartI\object_oriented_examples\Debug\bjarneStroustroupC.write.1.tlog
D:\C++ PROJECTS\VISUAL STUDIO 2010\PROJECTS\BJARNESTROUSTRUPC++PARTI\OBJECT_ORIENTED_EXAMPLES\DEBUG\BJARNESTROUSTROUPC++PARTI.EXE.INTERMEDIATE.MANIFEST
D:\C++ Projects\Visual Studio 2010\Projects\bjarneStroustrupC++PartI\object_oriented_examples\Debug\bjarneStroustroupC++PartI.write.1.tlog
D:\C++ Projects\Visual Studio 2010\Projects\bjarneStroustrupC++PartI\object_oriented_examples\Debug\Chapter11Exercise12.obj
D:\C++ Projects\Visual Studio 2010\Projects\bjarneStroustrupC++PartI\object_oriented_examples\Debug\Chapter11Exercise13.obj
D:\C++ Projects\Visual Studio 2010\Projects\bjarneStroustrupC++PartI\object_oriented_examples\Debug\Chapter11Exercise14.obj
D:\C++ PROJECTS\VISUAL STUDIO 2010\PROJECTS\BJARNESTROUSTRUPC++PARTI\OBJECT_ORIENTED_EXAMPLES\DEBUG\CHAPTER11EXERCISE15.OBJ
D:\C++ Projects\Visual Studio 2010\Projects\bjarneStroustrupC++PartI\object_oriented_examples\Debug\cl.command.1.tlog
D:\C++ Projects\Visual Studio 2010\Projects\bjarneStroustrupC++PartI\object_oriented_examples\Debug\CL.read.1.tlog
D:\C++ Projects\Visual Studio 2010\Projects\bjarneStroustrupC++PartI\object_oriented_examples\Debug\CL.write.1.tlog
D:\C++ Projects\Visual Studio 2010\Projects\bjarneStroustrupC++PartI\object_oriented_examples\Debug\link.command.1.tlog
D:\C++ Projects\Visual Studio 2010\Projects\bjarneStroustrupC++PartI\object_oriented_examples\Debug\link.read.1.tlog
D:\C++ Projects\Visual Studio 2010\Projects\bjarneStroustrupC++PartI\object_oriented_examples\Debug\link.write.1.tlog
D:\C++ Projects\Visual Studio 2010\Projects\bjarneStroustrupC++PartI\object_oriented_examples\Debug\mt.command.1.tlog
D:\C++ Projects\Visual Studio 2010\Projects\bjarneStroustrupC++PartI\object_oriented_examples\Debug\mt.read.1.tlog
D:\C++ Projects\Visual Studio 2010\Projects\bjarneStroustrupC++PartI\object_oriented_examples\Debug\mt.write.1.tlog
D:\C++ Projects\Visual Studio 2010\Projects\bjarneStroustrupC++PartI\object_oriented_examples\Debug\object_oriented_examples.vcxprojResolveAssemblyReference.cache
D:\C++ Projects\Visual Studio 2010\Projects\bjarneStroustrupC++PartI\object_oriented_examples\Debug\vc100.idb
D:\C++ PROJECTS\VISUAL STUDIO 2010\PROJECTS\BJARNESTROUSTRUPC++PARTI\OBJECT_ORIENTED_EXAMPLES\DEBUG\VC100.PDB
