D:\C++ PROJECTS\VISUAL STUDIO 2010\PROJECTS\BJARNESTROUSTRUPC++PARTIV\BJARNESTROUSTRUPC++PARTIV\DEBUG\BJARNESTROUSTRUPC++PARTIV.EXE.EMBED.MANIFEST
D:\C++ PROJECTS\VISUAL STUDIO 2010\PROJECTS\BJARNESTROUSTRUPC++PARTIV\BJARNESTROUSTRUPC++PARTIV\DEBUG\BJARNESTROUSTRUPC++PARTIV.EXE.EMBED.MANIFEST.RES
D:\C++ PROJECTS\VISUAL STUDIO 2010\PROJECTS\BJARNESTROUSTRUPC++PARTIV\BJARNESTROUSTRUPC++PARTIV\DEBUG\BJARNESTROUSTRUPC++PARTIV.EXE.INTERMEDIATE.MANIFEST
D:\C++ Projects\Visual Studio 2010\Projects\bjarneStroustrupC++PartIV\bjarneStroustrupC++PartIV\Debug\bjarneStroustrupC++PartIV.vcxprojResolveAssemblyReference.cache
D:\C++ Projects\Visual Studio 2010\Projects\bjarneStroustrupC++PartIV\bjarneStroustrupC++PartIV\Debug\bjarneStroustrupC++PartIV.write.1.tlog
D:\C++ Projects\Visual Studio 2010\Projects\bjarneStroustrupC++PartIV\bjarneStroustrupC++PartIV\Debug\bjarneStroustrupC++PartIV_manifest.rc
D:\C++ PROJECTS\VISUAL STUDIO 2010\PROJECTS\BJARNESTROUSTRUPC++PARTIV\BJARNESTROUSTRUPC++PARTIV\DEBUG\CHAPTER27EXERCISE12.OBJ
D:\C++ PROJECTS\VISUAL STUDIO 2010\PROJECTS\BJARNESTROUSTRUPC++PARTIV\BJARNESTROUSTRUPC++PARTIV\DEBUG\CHAPTER27EXERCISE13.OBJ
D:\C++ Projects\Visual Studio 2010\Projects\bjarneStroustrupC++PartIV\bjarneStroustrupC++PartIV\Debug\cl.command.1.tlog
D:\C++ Projects\Visual Studio 2010\Projects\bjarneStroustrupC++PartIV\bjarneStroustrupC++PartIV\Debug\CL.read.1.tlog
D:\C++ Projects\Visual Studio 2010\Projects\bjarneStroustrupC++PartIV\bjarneStroustrupC++PartIV\Debug\CL.write.1.tlog
D:\C++ Projects\Visual Studio 2010\Projects\bjarneStroustrupC++PartIV\bjarneStroustrupC++PartIV\Debug\link.7372.read.1.tlog
D:\C++ Projects\Visual Studio 2010\Projects\bjarneStroustrupC++PartIV\bjarneStroustrupC++PartIV\Debug\link.7372.read.2.tlog
D:\C++ Projects\Visual Studio 2010\Projects\bjarneStroustrupC++PartIV\bjarneStroustrupC++PartIV\Debug\link.7372.write.1.tlog
D:\C++ Projects\Visual Studio 2010\Projects\bjarneStroustrupC++PartIV\bjarneStroustrupC++PartIV\Debug\link.7372-cvtres.read.1.tlog
D:\C++ Projects\Visual Studio 2010\Projects\bjarneStroustrupC++PartIV\bjarneStroustrupC++PartIV\Debug\link.7372-cvtres.write.1.tlog
D:\C++ Projects\Visual Studio 2010\Projects\bjarneStroustrupC++PartIV\bjarneStroustrupC++PartIV\Debug\link.8604.read.1.tlog
D:\C++ Projects\Visual Studio 2010\Projects\bjarneStroustrupC++PartIV\bjarneStroustrupC++PartIV\Debug\link.8604.read.2.tlog
D:\C++ Projects\Visual Studio 2010\Projects\bjarneStroustrupC++PartIV\bjarneStroustrupC++PartIV\Debug\link.8604.write.1.tlog
D:\C++ Projects\Visual Studio 2010\Projects\bjarneStroustrupC++PartIV\bjarneStroustrupC++PartIV\Debug\link.8604-cvtres.read.1.tlog
D:\C++ Projects\Visual Studio 2010\Projects\bjarneStroustrupC++PartIV\bjarneStroustrupC++PartIV\Debug\link.8604-cvtres.write.1.tlog
D:\C++ Projects\Visual Studio 2010\Projects\bjarneStroustrupC++PartIV\bjarneStroustrupC++PartIV\Debug\link.command.1.tlog
D:\C++ Projects\Visual Studio 2010\Projects\bjarneStroustrupC++PartIV\bjarneStroustrupC++PartIV\Debug\link.read.1.tlog
D:\C++ Projects\Visual Studio 2010\Projects\bjarneStroustrupC++PartIV\bjarneStroustrupC++PartIV\Debug\link.read.2.tlog
D:\C++ Projects\Visual Studio 2010\Projects\bjarneStroustrupC++PartIV\bjarneStroustrupC++PartIV\Debug\link.write.1.tlog
D:\C++ Projects\Visual Studio 2010\Projects\bjarneStroustrupC++PartIV\bjarneStroustrupC++PartIV\Debug\link-cvtres.read.1.tlog
D:\C++ Projects\Visual Studio 2010\Projects\bjarneStroustrupC++PartIV\bjarneStroustrupC++PartIV\Debug\link-cvtres.write.1.tlog
D:\C++ Projects\Visual Studio 2010\Projects\bjarneStroustrupC++PartIV\bjarneStroustrupC++PartIV\Debug\mt.command.1.tlog
D:\C++ Projects\Visual Studio 2010\Projects\bjarneStroustrupC++PartIV\bjarneStroustrupC++PartIV\Debug\mt.read.1.tlog
D:\C++ Projects\Visual Studio 2010\Projects\bjarneStroustrupC++PartIV\bjarneStroustrupC++PartIV\Debug\mt.write.1.tlog
D:\C++ Projects\Visual Studio 2010\Projects\bjarneStroustrupC++PartIV\bjarneStroustrupC++PartIV\Debug\rc.command.1.tlog
D:\C++ Projects\Visual Studio 2010\Projects\bjarneStroustrupC++PartIV\bjarneStroustrupC++PartIV\Debug\rc.read.1.tlog
D:\C++ Projects\Visual Studio 2010\Projects\bjarneStroustrupC++PartIV\bjarneStroustrupC++PartIV\Debug\rc.write.1.tlog
D:\C++ Projects\Visual Studio 2010\Projects\bjarneStroustrupC++PartIV\bjarneStroustrupC++PartIV\Debug\vc100.idb
D:\C++ PROJECTS\VISUAL STUDIO 2010\PROJECTS\BJARNESTROUSTRUPC++PARTIV\BJARNESTROUSTRUPC++PARTIV\DEBUG\VC100.PDB
D:\C++ PROJECTS\VISUAL STUDIO 2010\PROJECTS\BJARNESTROUSTRUPC++PARTIV\DEBUG\BJARNESTROUSTRUPC++PARTIV.EXE
D:\C++ PROJECTS\VISUAL STUDIO 2010\PROJECTS\BJARNESTROUSTRUPC++PARTIV\DEBUG\BJARNESTROUSTRUPC++PARTIV.ILK
D:\C++ PROJECTS\VISUAL STUDIO 2010\PROJECTS\BJARNESTROUSTRUPC++PARTIV\DEBUG\BJARNESTROUSTRUPC++PARTIV.PDB
